<!DOCTYPE html PUBLIC "-//W3C//DTD XHTML 1.1//EN" "https://www.w3.org/TR/xhtml11/DTD/xhtml11.dtd">
<html xmlns="https://www.w3.org/1999/xhtml">
<head>
<meta http-equiv="content-type" content="text/html; charset=UTF-8"/>
<title>TestNG Report</title>
<style type="text/css">table {margin-bottom:10px;border-collapse:collapse;empty-cells:show}th,td {border:1px solid #009;padding:.25em .5em}th {vertical-align:bottom}td {vertical-align:top}table a {font-weight:bold}.stripe td {background-color: #E6EBF9}.num {text-align:right}.passedodd td {background-color: #3F3}.passedeven td {background-color: #0A0}.skippedodd td {background-color: #DDD}.skippedeven td {background-color: #CCC}.failedodd td,.attn {background-color: #F33}.failedeven td,.stripe .attn {background-color: #D00}.stacktrace {white-space:pre;font-family:monospace}.totop {font-size:85%;text-align:center;border-bottom:2px solid #000}.invisible {display:none}</style>
</head>
<body>
<table>
<tr><th>Test</th><th># Passed</th><th># Skipped</th><th># Retried</th><th># Failed</th><th>Time (ms)</th><th>Included Groups</th><th>Excluded Groups</th></tr>
<tr><th colspan="8">Suite</th></tr>
<tr><td><a href="#t0">Test</a></td><td class="num">0</td><td class="num attn">4</td><td class="num">0</td><td class="num">0</td><td class="num">294</td><td></td><td></td></tr>
</table>
<table id='summary'><thead><tr><th>Class</th><th>Method</th><th>Start</th><th>Time (ms)</th></tr></thead><tbody><tr><th colspan="4">Suite</th></tr></tbody><tbody id="t0"><tr><th colspan="4">Test &#8212; failed (configuration methods)</th></tr><tr class="failedeven"><td rowspan="1">com.SauceDemo.TestClasses.TC01LoginFunctionality</td><td><a href="#m0">setUp</a></td><td rowspan="1">1654010155675</td><td rowspan="1">-1654010155675</td></tr><tr class="failedodd"><td rowspan="1">com.SauceDemo.TestClasses.TC02LogOutFunctionality</td><td><a href="#m1">setUp</a></td><td rowspan="1">1654010155674</td><td rowspan="1">-1654010155674</td></tr><tr class="failedeven"><td rowspan="1">com.SauceDemo.TestClasses.TC03SingleProductAddToCartFunctionality</td><td><a href="#m2">setUp</a></td><td rowspan="1">1654010155675</td><td rowspan="1">-1654010155675</td></tr><tr class="failedodd"><td rowspan="1">com.SauceDemo.TestClasses.TC04MultipleProductAddToCartFunctionality</td><td><a href="#m3">setUp</a></td><td rowspan="1">1654010155674</td><td rowspan="1">-1654010155674</td></tr><tr><th colspan="4">Test &#8212; skipped (configuration methods)</th></tr><tr class="skippedeven"><td rowspan="1">com.SauceDemo.TestClasses.TC01LoginFunctionality</td><td><a href="#m4">tearDown</a></td><td rowspan="1">1654010155808</td><td rowspan="1">-1654010155808</td></tr><tr class="skippedodd"><td rowspan="1">com.SauceDemo.TestClasses.TC02LogOutFunctionality</td><td><a href="#m5">tearDown</a></td><td rowspan="1">1654010155796</td><td rowspan="1">-1654010155796</td></tr><tr class="skippedeven"><td rowspan="1">com.SauceDemo.TestClasses.TC03SingleProductAddToCartFunctionality</td><td><a href="#m6">tearDown</a></td><td rowspan="1">1654010155810</td><td rowspan="1">-1654010155810</td></tr><tr class="skippedodd"><td rowspan="1">com.SauceDemo.TestClasses.TC04MultipleProductAddToCartFunctionality</td><td><a href="#m7">tearDown</a></td><td rowspan="1">1654010155814</td><td rowspan="1">-1654010155814</td></tr><tr><th colspan="4">Test &#8212; skipped</th></tr><tr class="skippedeven"><td rowspan="1">com.SauceDemo.TestClasses.TC01LoginFunctionality</td><td><a href="#m8">loginFunctionalityTest</a></td><td rowspan="1">1654010155726</td><td rowspan="1">36</td></tr><tr class="skippedodd"><td rowspan="1">com.SauceDemo.TestClasses.TC02LogOutFunctionality</td><td><a href="#m9">logOutFunctionality</a></td><td rowspan="1">1654010155720</td><td rowspan="1">0</td></tr><tr class="skippedeven"><td rowspan="1">com.SauceDemo.TestClasses.TC03SingleProductAddToCartFunctionality</td><td><a href="#m10">singleProductAddToCart</a></td><td rowspan="1">1654010155729</td><td rowspan="1">0</td></tr><tr class="skippedodd"><td rowspan="1">com.SauceDemo.TestClasses.TC04MultipleProductAddToCartFunctionality</td><td><a href="#m11">multipleProductAddToCart</a></td><td rowspan="1">1654010155720</td><td rowspan="1">0</td></tr></tbody>
</table>
<h2>Test</h2><h3 id="m0">com.SauceDemo.TestClasses.TC01LoginFunctionality#setUp</h3><table class="result"><tr><th>Exception</th></tr><tr><td><div class="stacktrace">org.testng.TestNGException: 
Parameter &apos;browserName&apos; is required by BeforeMethod on method setUp but has not been marked @Optional or defined
in C:\Users\Admin\eclipse-workspace\12FebBatchMovenProjectV1\testng.xml
	at java.base/java.util.concurrent.ThreadPoolExecutor.runWorker(ThreadPoolExecutor.java:1136)
	at java.base/java.util.concurrent.ThreadPoolExecutor$Worker.run(ThreadPoolExecutor.java:635)
	at java.base/java.lang.Thread.run(Thread.java:833)
... Removed 13 stack frames</div></td></tr></table><p class="totop"><a href="#summary">back to summary</a></p>
<h3 id="m1">com.SauceDemo.TestClasses.TC02LogOutFunctionality#setUp</h3><table class="result"><tr><th>Exception</th></tr><tr><td><div class="stacktrace">org.testng.TestNGException: 
Parameter &apos;browserName&apos; is required by BeforeMethod on method setUp but has not been marked @Optional or defined
in C:\Users\Admin\eclipse-workspace\12FebBatchMovenProjectV1\testng.xml
	at java.base/java.util.concurrent.ThreadPoolExecutor.runWorker(ThreadPoolExecutor.java:1136)
	at java.base/java.util.concurrent.ThreadPoolExecutor$Worker.run(ThreadPoolExecutor.java:635)
	at java.base/java.lang.Thread.run(Thread.java:833)
... Removed 13 stack frames</div></td></tr></table><p class="totop"><a href="#summary">back to summary</a></p>
<h3 id="m2">com.SauceDemo.TestClasses.TC03SingleProductAddToCartFunctionality#setUp</h3><table class="result"><tr><th>Exception</th></tr><tr><td><div class="stacktrace">org.testng.TestNGException: 
Parameter &apos;browserName&apos; is required by BeforeMethod on method setUp but has not been marked @Optional or defined
in C:\Users\Admin\eclipse-workspace\12FebBatchMovenProjectV1\testng.xml
	at java.base/java.util.concurrent.ThreadPoolExecutor.runWorker(ThreadPoolExecutor.java:1136)
	at java.base/java.util.concurrent.ThreadPoolExecutor$Worker.run(ThreadPoolExecutor.java:635)
	at java.base/java.lang.Thread.run(Thread.java:833)
... Removed 13 stack frames</div></td></tr></table><p class="totop"><a href="#summary">back to summary</a></p>
<h3 id="m3">com.SauceDemo.TestClasses.TC04MultipleProductAddToCartFunctionality#setUp</h3><table class="result"><tr><th>Exception</th></tr><tr><td><div class="stacktrace">org.testng.TestNGException: 
Parameter &apos;browserName&apos; is required by BeforeMethod on method setUp but has not been marked @Optional or defined
in C:\Users\Admin\eclipse-workspace\12FebBatchMovenProjectV1\testng.xml
	at java.base/java.util.concurrent.ThreadPoolExecutor.runWorker(ThreadPoolExecutor.java:1136)
	at java.base/java.util.concurrent.ThreadPoolExecutor$Worker.run(ThreadPoolExecutor.java:635)
	at java.base/java.lang.Thread.run(Thread.java:833)
... Removed 13 stack frames</div></td></tr></table><p class="totop"><a href="#summary">back to summary</a></p>
<h3 id="m4">com.SauceDemo.TestClasses.TC01LoginFunctionality#tearDown</h3><table class="result"><tr><th class="invisible"/></tr></table><p class="totop"><a href="#summary">back to summary</a></p>
<h3 id="m5">com.SauceDemo.TestClasses.TC02LogOutFunctionality#tearDown</h3><table class="result"><tr><th class="invisible"/></tr></table><p class="totop"><a href="#summary">back to summary</a></p>
<h3 id="m6">com.SauceDemo.TestClasses.TC03SingleProductAddToCartFunctionality#tearDown</h3><table class="result"><tr><th class="invisible"/></tr></table><p class="totop"><a href="#summary">back to summary</a></p>
<h3 id="m7">com.SauceDemo.TestClasses.TC04MultipleProductAddToCartFunctionality#tearDown</h3><table class="result"><tr><th class="invisible"/></tr></table><p class="totop"><a href="#summary">back to summary</a></p>
<h3 id="m8">com.SauceDemo.TestClasses.TC01LoginFunctionality#loginFunctionalityTest</h3><table class="result"><tr><th>Exception</th></tr><tr><td><div class="stacktrace">org.testng.TestNGException: 
Parameter &apos;browserName&apos; is required by BeforeMethod on method setUp but has not been marked @Optional or defined
in C:\Users\Admin\eclipse-workspace\12FebBatchMovenProjectV1\testng.xml
	at java.base/java.util.concurrent.ThreadPoolExecutor.runWorker(ThreadPoolExecutor.java:1136)
	at java.base/java.util.concurrent.ThreadPoolExecutor$Worker.run(ThreadPoolExecutor.java:635)
	at java.base/java.lang.Thread.run(Thread.java:833)
... Removed 13 stack frames</div></td></tr></table><p class="totop"><a href="#summary">back to summary</a></p>
<h3 id="m9">com.SauceDemo.TestClasses.TC02LogOutFunctionality#logOutFunctionality</h3><table class="result"><tr><th>Exception</th></tr><tr><td><div class="stacktrace">org.testng.TestNGException: 
Parameter &apos;browserName&apos; is required by BeforeMethod on method setUp but has not been marked @Optional or defined
in C:\Users\Admin\eclipse-workspace\12FebBatchMovenProjectV1\testng.xml
	at java.base/java.util.concurrent.ThreadPoolExecutor.runWorker(ThreadPoolExecutor.java:1136)
	at java.base/java.util.concurrent.ThreadPoolExecutor$Worker.run(ThreadPoolExecutor.java:635)
	at java.base/java.lang.Thread.run(Thread.java:833)
... Removed 13 stack frames</div></td></tr></table><p class="totop"><a href="#summary">back to summary</a></p>
<h3 id="m10">com.SauceDemo.TestClasses.TC03SingleProductAddToCartFunctionality#singleProductAddToCart</h3><table class="result"><tr><th>Exception</th></tr><tr><td><div class="stacktrace">org.testng.TestNGException: 
Parameter &apos;browserName&apos; is required by BeforeMethod on method setUp but has not been marked @Optional or defined
in C:\Users\Admin\eclipse-workspace\12FebBatchMovenProjectV1\testng.xml
	at java.base/java.util.concurrent.ThreadPoolExecutor.runWorker(ThreadPoolExecutor.java:1136)
	at java.base/java.util.concurrent.ThreadPoolExecutor$Worker.run(ThreadPoolExecutor.java:635)
	at java.base/java.lang.Thread.run(Thread.java:833)
... Removed 13 stack frames</div></td></tr></table><p class="totop"><a href="#summary">back to summary</a></p>
<h3 id="m11">com.SauceDemo.TestClasses.TC04MultipleProductAddToCartFunctionality#multipleProductAddToCart</h3><table class="result"><tr><th>Exception</th></tr><tr><td><div class="stacktrace">org.testng.TestNGException: 
Parameter &apos;browserName&apos; is required by BeforeMethod on method setUp but has not been marked @Optional or defined
in C:\Users\Admin\eclipse-workspace\12FebBatchMovenProjectV1\testng.xml
	at java.base/java.util.concurrent.ThreadPoolExecutor.runWorker(ThreadPoolExecutor.java:1136)
	at java.base/java.util.concurrent.ThreadPoolExecutor$Worker.run(ThreadPoolExecutor.java:635)
	at java.base/java.lang.Thread.run(Thread.java:833)
... Removed 13 stack frames</div></td></tr></table><p class="totop"><a href="#summary">back to summary</a></p>
</body>
</html>
